<?xml version="1.0" encoding="UTF-8"?>
<!-- Generated by org.testng.reporters.JUnitReportReporter -->
<testsuite hostname="LAPTOP-O0AVIUJF" failures="0" tests="1" name="TestLayer.LoginSuccessPageTest" time="0.041" errors="0" timestamp="2023-07-22T09:48:09 IST" skipped="0">
  <testcase classname="TestLayer.LoginSuccessPageTest" name="validateLoginSuccessPage" time="0.041"/>
  <system-out/>
</testsuite> <!-- TestLayer.LoginSuccessPageTest -->
