<?xml version="1.0" encoding="UTF-8"?>
<!-- Generated by org.testng.reporters.JUnitReportReporter -->
<testsuite hostname="LAPTOP-O0AVIUJF" failures="0" tests="2" name="TestLayer.LoginPageTest" time="8.389" errors="0" timestamp="2023-07-22T09:48:09 IST" skipped="0">
  <testcase classname="TestLayer.LoginPageTest" name="validateLoginPageUrl" time="7.040"/>
  <system-out/>
  <testcase classname="TestLayer.LoginPageTest" name="validateLoginpageFunctionality" time="1.349"/>
  <system-out/>
</testsuite> <!-- TestLayer.LoginPageTest -->
