<?xml version="1.0" encoding="UTF-8"?>
<!-- Generated by org.testng.reporters.JUnitReportReporter -->
<testsuite hostname="LAPTOP-O0AVIUJF" failures="0" tests="2" name="TestLayer.RegisterSuccessPageTest" time="0.687" errors="0" timestamp="2023-07-22T09:48:09 IST" skipped="0">
  <testcase classname="TestLayer.RegisterSuccessPageTest" name="validateSuccessPageUrl" time="0.024"/>
  <system-out/>
  <testcase classname="TestLayer.RegisterSuccessPageTest" name="clickOntheSignUpLinkInSuccessPage" time="0.663"/>
  <system-out/>
</testsuite> <!-- TestLayer.RegisterSuccessPageTest -->
